<?xml version="1.0" encoding="UTF-8"?>
<dataset>
  <T_OWNER OW_ID="1" OW_TITLE="Leccio Apartment - Cimbolello" OW_ADDRESS="Citta della Pieve, Umbria, Italy"/>
  <T_APARTMENT AP_ID="1" T_OWNER_OW_ID="1"/>
  <T_SPACE SP_ACCOMMODATES="3" SP_BEDS="2" SP_ROOM_TYPE="Entire home" T_APARTMENT_AP_ID="1"/>
  <T_AMENITIES AM_WIRELESS="1" AM_FREE_PARKING="1" T_APARTMENT_AP_ID="1"/>
  <T_AVAILABILITY AV_MIN_NIGHT="2" T_APARTMENT_AP_ID="1"/>
  <T_PRICES PR_DAILY="65" PR_WEEKLY_DISCOUNT="0.1" PR_MONTHLY_DISCOUNT="0.21" T_APARTMENT_AP_ID="1"/>

  <T_OWNER OW_ID="2" OW_TITLE="CENTRAL Comfy Artist's Home" OW_ADDRESS="London, United Kingdom"/>
  <T_APARTMENT AP_ID="2" T_OWNER_OW_ID="2"/>
  <T_SPACE SP_ACCOMMODATES="3" SP_BEDS="1" SP_ROOM_TYPE="Private room" T_APARTMENT_AP_ID="2"/>
  <T_AMENITIES AM_WIRELESS="1" AM_FREE_PARKING="0" T_APARTMENT_AP_ID="2"/>
  <T_AVAILABILITY AV_MIN_NIGHT="3" T_APARTMENT_AP_ID="2"/>
  <T_PRICES PR_DAILY="66" PR_WEEKLY_DISCOUNT="0" PR_MONTHLY_DISCOUNT="0" T_APARTMENT_AP_ID="2"/>

  <T_OWNER OW_ID="3" OW_TITLE="Loft in historic Cadiz" OW_ADDRESS="Cadiz, Andalusia, Spain"/>
  <T_APARTMENT AP_ID="3" T_OWNER_OW_ID="3"/>
  <T_SPACE SP_ACCOMMODATES="4" SP_BEDS="2" SP_ROOM_TYPE="Entire home" T_APARTMENT_AP_ID="3"/>
  <T_AMENITIES AM_WIRELESS="1" AM_FREE_PARKING="0" T_APARTMENT_AP_ID="3"/>
  <T_AVAILABILITY AV_MIN_NIGHT="1" T_APARTMENT_AP_ID="3"/>
  <T_PRICES PR_DAILY="98" PR_WEEKLY_DISCOUNT="0.05" PR_MONTHLY_DISCOUNT="0.15" T_APARTMENT_AP_ID="3"/>

  <T_OWNER OW_ID="4" OW_TITLE="Fantastic treehut between old oaks" OW_ADDRESS="Huetor - Santillan, Andalusia, Spain"/>
  <T_APARTMENT AP_ID="4" T_OWNER_OW_ID="4"/>
  <T_SPACE SP_ACCOMMODATES="4" SP_BEDS="2" SP_ROOM_TYPE="Private room" T_APARTMENT_AP_ID="4"/>
  <T_AMENITIES AM_WIRELESS="0" AM_FREE_PARKING="1" T_APARTMENT_AP_ID="4"/>
  <T_AVAILABILITY AV_MIN_NIGHT="2" T_APARTMENT_AP_ID="4"/>
  <T_PRICES PR_DAILY="76" PR_WEEKLY_DISCOUNT="0.15" PR_MONTHLY_DISCOUNT="0.0" T_APARTMENT_AP_ID="4"/>

  <T_OWNER OW_ID="5" OW_TITLE="City Center 8 Beds Dorm" OW_ADDRESS="Warsaw, Mazowieckie, Poland"/>
  <T_APARTMENT AP_ID="5" T_OWNER_OW_ID="5"/>
  <T_SPACE SP_ACCOMMODATES="16" SP_BEDS="8" SP_ROOM_TYPE="Shared room" T_APARTMENT_AP_ID="5"/>
  <T_AMENITIES AM_WIRELESS="1" AM_FREE_PARKING="0" T_APARTMENT_AP_ID="5"/>
  <T_AVAILABILITY AV_MIN_NIGHT="1" T_APARTMENT_AP_ID="5"/>
  <T_PRICES PR_DAILY="10" PR_WEEKLY_DISCOUNT="0.1" PR_MONTHLY_DISCOUNT="0.15" T_APARTMENT_AP_ID="5"/>

  <T_OWNER OW_ID="6" OW_TITLE="Waterfront Flat with Balcony stunning location" OW_ADDRESS="Scarborough, United Kingdom"/>
  <T_APARTMENT AP_ID="6" T_OWNER_OW_ID="6"/>
  <T_SPACE SP_ACCOMMODATES="2" SP_BEDS="1" SP_ROOM_TYPE="Shared room" T_APARTMENT_AP_ID="6"/>
  <T_AMENITIES AM_WIRELESS="1" AM_FREE_PARKING="0" T_APARTMENT_AP_ID="6"/>
  <T_AVAILABILITY AV_MIN_NIGHT="1" T_APARTMENT_AP_ID="6"/>
  <T_PRICES PR_DAILY="77" PR_WEEKLY_DISCOUNT="0.15" PR_MONTHLY_DISCOUNT="0.15" T_APARTMENT_AP_ID="6"/>

  <T_USER US_ID="1" US_NAME="Bob" US_EMAIL="bob@bob.com" US_PASSWORD="Bob1"/>
  <T_USER US_ID="2" US_NAME="Givi" US_EMAIL="givi@givi.com" US_PASSWORD="Givi1"/>
  <T_USER US_ID="3" US_NAME="Angela" US_EMAIL="angela@angela.com" US_PASSWORD="Angela1"/>

  <T_BOOKING BO_ID="1" BO_CHECK_IN="2017-08-03 12:00:00" BO_CHECK_OUT="2017-08-13 12:00:00" BO_TOTAL_SUM="100.25" BO_DATE_BOOKED="2017-02-20 19:05:00" T_USER_US_ID="1" T_APARTMENT_AP_ID="1"/>
  <T_BOOKING BO_ID="2" BO_CHECK_IN="2017-08-29 12:00:00" BO_CHECK_OUT="2017-09-30 12:00:00" BO_TOTAL_SUM="200.35" BO_DATE_BOOKED="2017-03-20 19:05:00" T_USER_US_ID="2" T_APARTMENT_AP_ID="3"/>

</dataset>